


ARM Macro Assembler    Page 1 


    1 00000000 400FE608 
                       SYSCTL_RCGCGPIO_R
                               EQU              0x400FE608
    2 00000000 400253FC 
                       GPIO_PORTF_DATA_R
                               EQU              0x400253FC
    3 00000000 40025400 
                       GPIO_PORTF_DIR_R
                               EQU              0x40025400
    4 00000000 4002551C 
                       GPIO_PORTF_DEN_R
                               EQU              0x4002551C
    5 00000000 40025510 
                       GPIO_PORTF_PUR_R
                               EQU              0x40025510
    6 00000000 40025520 
                       GPIO_PORTF_LOCK_R
                               EQU              0x40025520
    7 00000000 40025524 
                       GPIO_PORTF_CR_R
                               EQU              0x40025524
    8 00000000 4C4F434B 
                       GPIO_LOCK_KEY
                               EQU              0X4C4F434B
    9 00000000         
   10 00000000         ; Switch = PF4  
   11 00000000         ; Switch = PF0
   12 00000000         
   13 00000000 00000002 
                       RED     EQU              0x02        ; Ob 0000 0010
   14 00000000 00000004 
                       BLUE    EQU              0x04        ; Ob 0000 0100
   15 00000000 00000008 
                       GREEN   EQU              0x08        ; ob 0000 1000
   16 00000000         
   17 00000000 001046AA 
                       SEC_DIV_FIVE
                               EQU              1066666     ; 1 second divided 
                                                            by 5
   18 00000000         
   19 00000000         
   20 00000000                 AREA             |.text|,CODE,READONLY,ALIGN=2
   21 00000000                 THUMB
   22 00000000                 EXPORT           Main
   23 00000000         
   24 00000000         Main
   25 00000000 F000 F828       BL               GPIO_init
   26 00000004         
   27 00000004         loop
   28 00000004 4820            LDR              R0,=SEC_DIV_FIVE
   29 00000006 F000 F822       BL               delay
   30 0000000A F000 F81B       BL               Input
   31 0000000E 2801            CMP              R0,#0x01
   32 00000010 D006            BEQ              Switch_On_1
   33 00000012 2810            CMP              R0,#0x10
   34 00000014 D009            BEQ              Switch_On_2
   35 00000016 2800            CMP              R0,#0x00
   36 00000018 D00C            BEQ              Both_Switches
   37 0000001A F000 F810       BL               Output



ARM Macro Assembler    Page 2 


   38 0000001E E7F1            B                loop
   39 00000020         
   40 00000020         Switch_On_1
   41 00000020 F04F 0008       MOV              R0,#GREEN
   42 00000024 F000 F80B       BL               Output
   43 00000028 E7EC            B                loop
   44 0000002A         
   45 0000002A         Switch_On_2
   46 0000002A F04F 0004       MOV              R0,#BLUE
   47 0000002E F000 F806       BL               Output
   48 00000032 E7E7            B                loop
   49 00000034         
   50 00000034         Both_Switches
   51 00000034 F04F 0002       MOV              R0,#RED
   52 00000038 F000 F801       BL               Output
   53 0000003C E7E2            B                loop
   54 0000003E         
   55 0000003E         Output
   56 0000003E 4913            LDR              R1,=GPIO_PORTF_DATA_R
   57 00000040 6008            STR              R0,[R1]
   58 00000042 4770            BX               LR
   59 00000044         
   60 00000044         Input
   61 00000044 4911            LDR              R1,=GPIO_PORTF_DATA_R
   62 00000046 6808            LDR              R0,[R1]
   63 00000048 F000 0011       AND              R0,R0,#0X11 ; 0b 0001 0001, 0x0
                                                            1, 0x10
   64 0000004C 4770            BX               LR
   65 0000004E         
   66 0000004E         
   67 0000004E         delay
   68 0000004E 1E40            SUBS             R0,R0,#1
   69 00000050 D1FD            BNE              delay
   70 00000052 4770            BX               LR
   71 00000054         
   72 00000054         
   73 00000054         GPIO_init
   74 00000054 490E            LDR              R1,=SYSCTL_RCGCGPIO_R
   75 00000056 6808            LDR              R0,[R1]
   76 00000058 F040 0020       ORR              R0,R0,#0x20
   77 0000005C 6008            STR              R0,[R1]     ; R0 source, R1 des
                                                            tination
   78 0000005E         
   79 0000005E 490D            LDR              R1,=GPIO_PORTF_LOCK_R
   80 00000060 480D            LDR              R0,=GPIO_LOCK_KEY
   81 00000062 6008            STR              R0,[R1]
   82 00000064         
   83 00000064 490D            LDR              R1,=GPIO_PORTF_CR_R
   84 00000066 F04F 00FF       MOV              R0,#0XFF    ; 0b 1111 1111
   85 0000006A 6008            STR              R0,[R1]
   86 0000006C         
   87 0000006C 490C            LDR              R1,=GPIO_PORTF_DIR_R
   88 0000006E F04F 000E       MOV              R0, #0x0E   ; 0b 0000 1110
   89 00000072 6008            STR              R0,[R1]
   90 00000074         
   91 00000074 490B            LDR              R1,=GPIO_PORTF_PUR_R
   92 00000076 F04F 0010       MOV              R0,#0x10    ; 0b 0001 0000
   93 0000007A 6008            STR              R0,[R1]
   94 0000007C         



ARM Macro Assembler    Page 3 


   95 0000007C 490A            LDR              R1,=GPIO_PORTF_DEN_R
   96 0000007E F04F 001F       MOV              R0,#0X1F    ; 0b 0001 1111
   97 00000082 6008            STR              R0,[R1]
   98 00000084         
   99 00000084 4770            BX               LR
  100 00000086         
  101 00000086 00 00           ALIGN
  102 00000088                 END
              001046AA 
              400253FC 
              400FE608 
              40025520 
              4C4F434B 
              40025524 
              40025400 
              40025510 
              4002551C 
Command Line: --debug --xref --diag_suppress=9931 --cpu=Cortex-M4.fp --apcs=int
erwork --depend=.\objects\main.d -o.\objects\main.o -I"C:\Users\TOSHIBA SATELLI
TE\Documents\Curso tiva-c\Proyectos\RED_Switch\RTE" -I"C:\Users\TOSHIBA SATELLI
TE\AppData\Local\Arm\Packs\ARM\CMSIS\5.7.0\CMSIS\Core\Include" -I"C:\Users\TOSH
IBA SATELLITE\AppData\Local\Arm\Packs\Keil\TM4C_DFP\1.1.0\Device\Include\TM4C12
3" --predefine="__EVAL SETA 1" --predefine="__UVISION_VERSION SETA 521" --prede
fine="_RTE_ SETA 1" --predefine="TM4C1230H6PM SETA 1" --list=.\listings\main.ls
t main.s



ARM Macro Assembler    Page 1 Alphabetic symbol ordering
Relocatable symbols

.text 00000000

Symbol: .text
   Definitions
      At line 20 in file main.s
   Uses
      None
Comment: .text unused
Both_Switches 00000034

Symbol: Both_Switches
   Definitions
      At line 50 in file main.s
   Uses
      At line 36 in file main.s
Comment: Both_Switches used once
GPIO_init 00000054

Symbol: GPIO_init
   Definitions
      At line 73 in file main.s
   Uses
      At line 25 in file main.s
Comment: GPIO_init used once
Input 00000044

Symbol: Input
   Definitions
      At line 60 in file main.s
   Uses
      At line 30 in file main.s
Comment: Input used once
Main 00000000

Symbol: Main
   Definitions
      At line 24 in file main.s
   Uses
      At line 22 in file main.s
Comment: Main used once
Output 0000003E

Symbol: Output
   Definitions
      At line 55 in file main.s
   Uses
      At line 37 in file main.s
      At line 42 in file main.s
      At line 47 in file main.s
      At line 52 in file main.s

Switch_On_1 00000020

Symbol: Switch_On_1
   Definitions
      At line 40 in file main.s
   Uses
      At line 32 in file main.s
Comment: Switch_On_1 used once



ARM Macro Assembler    Page 2 Alphabetic symbol ordering
Relocatable symbols

Switch_On_2 0000002A

Symbol: Switch_On_2
   Definitions
      At line 45 in file main.s
   Uses
      At line 34 in file main.s
Comment: Switch_On_2 used once
delay 0000004E

Symbol: delay
   Definitions
      At line 67 in file main.s
   Uses
      At line 29 in file main.s
      At line 69 in file main.s

loop 00000004

Symbol: loop
   Definitions
      At line 27 in file main.s
   Uses
      At line 38 in file main.s
      At line 43 in file main.s
      At line 48 in file main.s
      At line 53 in file main.s

10 symbols



ARM Macro Assembler    Page 1 Alphabetic symbol ordering
Absolute symbols

BLUE 00000004

Symbol: BLUE
   Definitions
      At line 14 in file main.s
   Uses
      At line 46 in file main.s
Comment: BLUE used once
GPIO_LOCK_KEY 4C4F434B

Symbol: GPIO_LOCK_KEY
   Definitions
      At line 8 in file main.s
   Uses
      At line 80 in file main.s
Comment: GPIO_LOCK_KEY used once
GPIO_PORTF_CR_R 40025524

Symbol: GPIO_PORTF_CR_R
   Definitions
      At line 7 in file main.s
   Uses
      At line 83 in file main.s
Comment: GPIO_PORTF_CR_R used once
GPIO_PORTF_DATA_R 400253FC

Symbol: GPIO_PORTF_DATA_R
   Definitions
      At line 2 in file main.s
   Uses
      At line 56 in file main.s
      At line 61 in file main.s

GPIO_PORTF_DEN_R 4002551C

Symbol: GPIO_PORTF_DEN_R
   Definitions
      At line 4 in file main.s
   Uses
      At line 95 in file main.s
Comment: GPIO_PORTF_DEN_R used once
GPIO_PORTF_DIR_R 40025400

Symbol: GPIO_PORTF_DIR_R
   Definitions
      At line 3 in file main.s
   Uses
      At line 87 in file main.s
Comment: GPIO_PORTF_DIR_R used once
GPIO_PORTF_LOCK_R 40025520

Symbol: GPIO_PORTF_LOCK_R
   Definitions
      At line 6 in file main.s
   Uses
      At line 79 in file main.s
Comment: GPIO_PORTF_LOCK_R used once
GPIO_PORTF_PUR_R 40025510




ARM Macro Assembler    Page 2 Alphabetic symbol ordering
Absolute symbols

Symbol: GPIO_PORTF_PUR_R
   Definitions
      At line 5 in file main.s
   Uses
      At line 91 in file main.s
Comment: GPIO_PORTF_PUR_R used once
GREEN 00000008

Symbol: GREEN
   Definitions
      At line 15 in file main.s
   Uses
      At line 41 in file main.s
Comment: GREEN used once
RED 00000002

Symbol: RED
   Definitions
      At line 13 in file main.s
   Uses
      At line 51 in file main.s
Comment: RED used once
SEC_DIV_FIVE 001046AA

Symbol: SEC_DIV_FIVE
   Definitions
      At line 17 in file main.s
   Uses
      At line 28 in file main.s
Comment: SEC_DIV_FIVE used once
SYSCTL_RCGCGPIO_R 400FE608

Symbol: SYSCTL_RCGCGPIO_R
   Definitions
      At line 1 in file main.s
   Uses
      At line 74 in file main.s
Comment: SYSCTL_RCGCGPIO_R used once
12 symbols
359 symbols in table
